MobDependency/build/outputs/logs/manifest-merger-debug-report.txt
-- Merging decision tree log ---
manifest
ADDED from BowenNews\MobDependency\AndroidManifest.xml:2:1-5:31
INJECTED from BowenNews\MobDependency\AndroidManifest.xml:2:1-5:31
INJECTED from BowenNews\MobDependency\AndroidManifest.xml:2:1-5:31
INJECTED from BowenNews\MobDependency\AndroidManifest.xml:2:1-5:31
INJECTED from BowenNews\MobDependency\AndroidManifest.xml:2:1-5:31
INJECTED from BowenNews\MobDependency\AndroidManifest.xml:2:1-5:31
INJECTED from BowenNews\MobDependency\AndroidManifest.xml:2:1-5:31
	package
		ADDED from BowenNews\MobDependency\AndroidManifest.xml:3:2-30
		INJECTED from BowenNews\MobDependency\AndroidManifest.xml
		INJECTED from BowenNews\MobDependency\AndroidManifest.xml
	android:versionName
		ADDED from BowenNews\MobDependency\AndroidManifest.xml:5:2-29
		INJECTED from BowenNews\MobDependency\AndroidManifest.xml
		INJECTED from BowenNews\MobDependency\AndroidManifest.xml
	xmlns:android
		ADDED from BowenNews\MobDependency\AndroidManifest.xml:2:11-69
	android:versionCode
		ADDED from BowenNews\MobDependency\AndroidManifest.xml:4:2-25
		INJECTED from BowenNews\MobDependency\AndroidManifest.xml
		INJECTED from BowenNews\MobDependency\AndroidManifest.xml